<?xml version="1.0" encoding="UTF-8"?>
<testsuite xmlns:xsi="http://www.w3.org/2001/XMLSchema-instance" xsi:noNamespaceSchemaLocation="https://maven.apache.org/surefire/maven-surefire-plugin/xsd/surefire-test-report-3.0.xsd" version="3.0" name="AppTest$RightTriangleOfAnArrayTests" time="0.109" tests="12" errors="0" skipped="0" failures="0">
  <properties>
    <property name="java.specification.version" value="21"/>
    <property name="sun.cpu.isalist" value="amd64"/>
    <property name="sun.jnu.encoding" value="Cp1252"/>
    <property name="java.class.path" value="D:\projetos\practice-it-java-arrays-2515083\target\test-classes;D:\projetos\practice-it-java-arrays-2515083\target\classes;C:\Users\Lucas\.m2\repository\org\junit\jupiter\junit-jupiter\5.9.2\junit-jupiter-5.9.2.jar;C:\Users\Lucas\.m2\repository\org\junit\jupiter\junit-jupiter-api\5.9.2\junit-jupiter-api-5.9.2.jar;C:\Users\Lucas\.m2\repository\org\opentest4j\opentest4j\1.2.0\opentest4j-1.2.0.jar;C:\Users\Lucas\.m2\repository\org\junit\platform\junit-platform-commons\1.9.2\junit-platform-commons-1.9.2.jar;C:\Users\Lucas\.m2\repository\org\apiguardian\apiguardian-api\1.1.2\apiguardian-api-1.1.2.jar;C:\Users\Lucas\.m2\repository\org\junit\jupiter\junit-jupiter-params\5.9.2\junit-jupiter-params-5.9.2.jar;C:\Users\Lucas\.m2\repository\org\junit\jupiter\junit-jupiter-engine\5.9.2\junit-jupiter-engine-5.9.2.jar;C:\Users\Lucas\.m2\repository\org\junit\platform\junit-platform-engine\1.9.2\junit-platform-engine-1.9.2.jar;"/>
    <property name="java.vm.vendor" value="Oracle Corporation"/>
    <property name="sun.arch.data.model" value="64"/>
    <property name="user.variant" value=""/>
    <property name="java.vendor.url" value="https://java.oracle.com/"/>
    <property name="user.timezone" value="America/Sao_Paulo"/>
    <property name="os.name" value="Windows 11"/>
    <property name="java.vm.specification.version" value="21"/>
    <property name="sun.java.launcher" value="SUN_STANDARD"/>
    <property name="user.country" value="BR"/>
    <property name="sun.boot.library.path" value="C:\Program Files\Java\jdk-21\bin"/>
    <property name="sun.java.command" value="C:\Users\Lucas\AppData\Local\Temp\surefire5556066527087998924\surefirebooter-20251006104958652_3.jar C:\Users\Lucas\AppData\Local\Temp\surefire5556066527087998924 2025-10-06T10-49-58_401-jvmRun1 surefire-20251006104958652_1tmp surefire_0-20251006104958652_2tmp"/>
    <property name="jdk.debug" value="release"/>
    <property name="surefire.test.class.path" value="D:\projetos\practice-it-java-arrays-2515083\target\test-classes;D:\projetos\practice-it-java-arrays-2515083\target\classes;C:\Users\Lucas\.m2\repository\org\junit\jupiter\junit-jupiter\5.9.2\junit-jupiter-5.9.2.jar;C:\Users\Lucas\.m2\repository\org\junit\jupiter\junit-jupiter-api\5.9.2\junit-jupiter-api-5.9.2.jar;C:\Users\Lucas\.m2\repository\org\opentest4j\opentest4j\1.2.0\opentest4j-1.2.0.jar;C:\Users\Lucas\.m2\repository\org\junit\platform\junit-platform-commons\1.9.2\junit-platform-commons-1.9.2.jar;C:\Users\Lucas\.m2\repository\org\apiguardian\apiguardian-api\1.1.2\apiguardian-api-1.1.2.jar;C:\Users\Lucas\.m2\repository\org\junit\jupiter\junit-jupiter-params\5.9.2\junit-jupiter-params-5.9.2.jar;C:\Users\Lucas\.m2\repository\org\junit\jupiter\junit-jupiter-engine\5.9.2\junit-jupiter-engine-5.9.2.jar;C:\Users\Lucas\.m2\repository\org\junit\platform\junit-platform-engine\1.9.2\junit-platform-engine-1.9.2.jar;"/>
    <property name="sun.cpu.endian" value="little"/>
    <property name="user.home" value="C:\Users\Lucas"/>
    <property name="user.language" value="pt"/>
    <property name="java.specification.vendor" value="Oracle Corporation"/>
    <property name="java.version.date" value="2025-04-15"/>
    <property name="java.home" value="C:\Program Files\Java\jdk-21"/>
    <property name="file.separator" value="\"/>
    <property name="basedir" value="D:\projetos\practice-it-java-arrays-2515083"/>
    <property name="java.vm.compressedOopsMode" value="Zero based"/>
    <property name="line.separator" value="&#10;"/>
    <property name="java.vm.specification.vendor" value="Oracle Corporation"/>
    <property name="java.specification.name" value="Java Platform API Specification"/>
    <property name="surefire.real.class.path" value="C:\Users\Lucas\AppData\Local\Temp\surefire5556066527087998924\surefirebooter-20251006104958652_3.jar"/>
    <property name="user.script" value=""/>
    <property name="sun.management.compiler" value="HotSpot 64-Bit Tiered Compilers"/>
    <property name="java.runtime.version" value="21.0.7+8-LTS-245"/>
    <property name="user.name" value="Lucas"/>
    <property name="stdout.encoding" value="Cp1252"/>
    <property name="path.separator" value=";"/>
    <property name="os.version" value="10.0"/>
    <property name="java.runtime.name" value="Java(TM) SE Runtime Environment"/>
    <property name="file.encoding" value="UTF-8"/>
    <property name="java.vm.name" value="Java HotSpot(TM) 64-Bit Server VM"/>
    <property name="localRepository" value="C:\Users\Lucas\.m2\repository"/>
    <property name="java.vendor.url.bug" value="https://bugreport.java.com/bugreport/"/>
    <property name="java.io.tmpdir" value="C:\Users\Lucas\AppData\Local\Temp\"/>
    <property name="java.version" value="21.0.7"/>
    <property name="user.dir" value="D:\projetos\practice-it-java-arrays-2515083"/>
    <property name="os.arch" value="amd64"/>
    <property name="java.vm.specification.name" value="Java Virtual Machine Specification"/>
    <property name="sun.os.patch.level" value=""/>
    <property name="native.encoding" value="Cp1252"/>
    <property name="java.library.path" value="C:\Program Files\Java\jdk-21\bin;C:\WINDOWS\Sun\Java\bin;C:\WINDOWS\system32;C:\WINDOWS;C:\Program Files\PowerShell\7;C:\Program Files\ImageMagick-7.1.2-Q16-HDRI;C:\Program Files\sqlite3;C:\Program Files\Java\jdk-21\bin;F:\gradle-8.14.3\bin;F:\graalvm-jdk-21.0.8+12.1\bin;C:\Program Files\ImageMagick-7.1.2-Q16-HDRI;C:\Program Files\Calibre2\;C:\Program Files\NVIDIA Corporation\NVIDIA App\NvDLISR;C:\Program Files\PowerShell\7\;C:\Program Files\cursor\resources\app\bin;C:\Program Files (x86)\ImageMagick-7.0.10-Q16;C:\Users\Lucas\AppData\Local\Programs\Python\Python312\Scripts\;C:\Users\Lucas\AppData\Local\Programs\Python\Python312\;C:\Users\Lucas\AppData\Local\Programs\Python\Launcher\;C:\Users\Lucas\scoop\shims;C:\Users\Lucas\AppData\Local\Programs\Python\Python310\Scripts\;C:\Users\Lucas\AppData\Local\Programs\Python\Python310\;C:\Users\Lucas\AppData\Local\Programs\Python\Python38-32\Scripts\;C:\Users\Lucas\AppData\Local\Programs\Python\Python38-32\;C:\Users\Lucas\AppData\Local\Microsoft\WindowsApps;C:\Program Files\Intel\WiFi\bin\;C:\Program Files\Common Files\Intel\WirelessCommon\;C:\Users\Lucas\AppData\Roaming\Amazon;C:\Users\Lucas\AppData\Local\Programs\Microsoft VS Code\bin;F:\xampp\php;C:\Users\Lucas\AppData\Local\GitHubDesktop\bin;C:\Users\Lucas\AppData\Local\Pandoc\;C:\Users\Lucas\AppData\Roaming\npm;C:\Users\Lucas\AppData\Local\Microsoft\WindowsApps;C:\Users\Lucas\AppData\Local\nvm;C:\nvm4w\nodejs;C:\Program Files\sqlite3;C:\Program Files\liquibase;C:\Program Files\Git\bin;C:\msys64\ucrt64\bin;F:\apache-maven-3.9.10\bin;C:\Program Files\Java\jdk-21\bin;C:\Users\Lucas\AppData\Local\Programs\Ollama;F:\PostgreSQL\17\bin;C:\Program Files\Java\jdk-21;C:\Program Files\Java\jdk-21\bin;F:\gradle-8.14.3\bin;F:\graalvm-jdk-21.0.8+12.1\bin;C:\Users\Lucas\AppData\Local\Programs\cursor\resources\app\bin;."/>
    <property name="java.vm.info" value="mixed mode, sharing"/>
    <property name="stderr.encoding" value="Cp1252"/>
    <property name="java.vendor" value="Oracle Corporation"/>
    <property name="java.vm.version" value="21.0.7+8-LTS-245"/>
    <property name="sun.io.unicode.encoding" value="UnicodeLittle"/>
    <property name="java.class.version" value="65.0"/>
  </properties>
  <testcase name="testRightTriangleOfAnArray_DecimalNumbers" classname="AppTest$RightTriangleOfAnArrayTests" time="0.014">
    <system-out><![CDATA[1.5
1.52.3
1.52.33.7

]]></system-out>
  </testcase>
  <testcase name="testRightTriangleOfAnArray_LargeArray" classname="AppTest$RightTriangleOfAnArrayTests" time="0.05">
    <system-out><![CDATA[1
12
123
1234
12345
123456
1234567
12345678
123456789
12345678910
1234567891011
123456789101112
12345678910111213
1234567891011121314
123456789101112131415
12345678910111213141516
1234567891011121314151617
123456789101112131415161718
12345678910111213141516171819
1234567891011121314151617181920
123456789101112131415161718192021
12345678910111213141516171819202122
1234567891011121314151617181920212223
123456789101112131415161718192021222324
12345678910111213141516171819202122232425
1234567891011121314151617181920212223242526
123456789101112131415161718192021222324252627
12345678910111213141516171819202122232425262728
1234567891011121314151617181920212223242526272829
123456789101112131415161718192021222324252627282930
12345678910111213141516171819202122232425262728293031
1234567891011121314151617181920212223242526272829303132
123456789101112131415161718192021222324252627282930313233
12345678910111213141516171819202122232425262728293031323334
1234567891011121314151617181920212223242526272829303132333435
123456789101112131415161718192021222324252627282930313233343536
12345678910111213141516171819202122232425262728293031323334353637
1234567891011121314151617181920212223242526272829303132333435363738
123456789101112131415161718192021222324252627282930313233343536373839
12345678910111213141516171819202122232425262728293031323334353637383940
1234567891011121314151617181920212223242526272829303132333435363738394041
123456789101112131415161718192021222324252627282930313233343536373839404142
12345678910111213141516171819202122232425262728293031323334353637383940414243
1234567891011121314151617181920212223242526272829303132333435363738394041424344
123456789101112131415161718192021222324252627282930313233343536373839404142434445
12345678910111213141516171819202122232425262728293031323334353637383940414243444546
1234567891011121314151617181920212223242526272829303132333435363738394041424344454647
123456789101112131415161718192021222324252627282930313233343536373839404142434445464748
12345678910111213141516171819202122232425262728293031323334353637383940414243444546474849
1234567891011121314151617181920212223242526272829303132333435363738394041424344454647484950
123456789101112131415161718192021222324252627282930313233343536373839404142434445464748495051
12345678910111213141516171819202122232425262728293031323334353637383940414243444546474849505152
1234567891011121314151617181920212223242526272829303132333435363738394041424344454647484950515253
123456789101112131415161718192021222324252627282930313233343536373839404142434445464748495051525354
12345678910111213141516171819202122232425262728293031323334353637383940414243444546474849505152535455
1234567891011121314151617181920212223242526272829303132333435363738394041424344454647484950515253545556
123456789101112131415161718192021222324252627282930313233343536373839404142434445464748495051525354555657
12345678910111213141516171819202122232425262728293031323334353637383940414243444546474849505152535455565758
1234567891011121314151617181920212223242526272829303132333435363738394041424344454647484950515253545556575859
123456789101112131415161718192021222324252627282930313233343536373839404142434445464748495051525354555657585960
12345678910111213141516171819202122232425262728293031323334353637383940414243444546474849505152535455565758596061
1234567891011121314151617181920212223242526272829303132333435363738394041424344454647484950515253545556575859606162
123456789101112131415161718192021222324252627282930313233343536373839404142434445464748495051525354555657585960616263
12345678910111213141516171819202122232425262728293031323334353637383940414243444546474849505152535455565758596061626364
1234567891011121314151617181920212223242526272829303132333435363738394041424344454647484950515253545556575859606162636465
123456789101112131415161718192021222324252627282930313233343536373839404142434445464748495051525354555657585960616263646566
12345678910111213141516171819202122232425262728293031323334353637383940414243444546474849505152535455565758596061626364656667
1234567891011121314151617181920212223242526272829303132333435363738394041424344454647484950515253545556575859606162636465666768
123456789101112131415161718192021222324252627282930313233343536373839404142434445464748495051525354555657585960616263646566676869
12345678910111213141516171819202122232425262728293031323334353637383940414243444546474849505152535455565758596061626364656667686970
1234567891011121314151617181920212223242526272829303132333435363738394041424344454647484950515253545556575859606162636465666768697071
123456789101112131415161718192021222324252627282930313233343536373839404142434445464748495051525354555657585960616263646566676869707172
12345678910111213141516171819202122232425262728293031323334353637383940414243444546474849505152535455565758596061626364656667686970717273
1234567891011121314151617181920212223242526272829303132333435363738394041424344454647484950515253545556575859606162636465666768697071727374
123456789101112131415161718192021222324252627282930313233343536373839404142434445464748495051525354555657585960616263646566676869707172737475
12345678910111213141516171819202122232425262728293031323334353637383940414243444546474849505152535455565758596061626364656667686970717273747576
1234567891011121314151617181920212223242526272829303132333435363738394041424344454647484950515253545556575859606162636465666768697071727374757677
123456789101112131415161718192021222324252627282930313233343536373839404142434445464748495051525354555657585960616263646566676869707172737475767778
12345678910111213141516171819202122232425262728293031323334353637383940414243444546474849505152535455565758596061626364656667686970717273747576777879
1234567891011121314151617181920212223242526272829303132333435363738394041424344454647484950515253545556575859606162636465666768697071727374757677787980
123456789101112131415161718192021222324252627282930313233343536373839404142434445464748495051525354555657585960616263646566676869707172737475767778798081
12345678910111213141516171819202122232425262728293031323334353637383940414243444546474849505152535455565758596061626364656667686970717273747576777879808182
1234567891011121314151617181920212223242526272829303132333435363738394041424344454647484950515253545556575859606162636465666768697071727374757677787980818283
123456789101112131415161718192021222324252627282930313233343536373839404142434445464748495051525354555657585960616263646566676869707172737475767778798081828384
12345678910111213141516171819202122232425262728293031323334353637383940414243444546474849505152535455565758596061626364656667686970717273747576777879808182838485
1234567891011121314151617181920212223242526272829303132333435363738394041424344454647484950515253545556575859606162636465666768697071727374757677787980818283848586
123456789101112131415161718192021222324252627282930313233343536373839404142434445464748495051525354555657585960616263646566676869707172737475767778798081828384858687
12345678910111213141516171819202122232425262728293031323334353637383940414243444546474849505152535455565758596061626364656667686970717273747576777879808182838485868788
1234567891011121314151617181920212223242526272829303132333435363738394041424344454647484950515253545556575859606162636465666768697071727374757677787980818283848586878889
123456789101112131415161718192021222324252627282930313233343536373839404142434445464748495051525354555657585960616263646566676869707172737475767778798081828384858687888990
12345678910111213141516171819202122232425262728293031323334353637383940414243444546474849505152535455565758596061626364656667686970717273747576777879808182838485868788899091
1234567891011121314151617181920212223242526272829303132333435363738394041424344454647484950515253545556575859606162636465666768697071727374757677787980818283848586878889909192
123456789101112131415161718192021222324252627282930313233343536373839404142434445464748495051525354555657585960616263646566676869707172737475767778798081828384858687888990919293
12345678910111213141516171819202122232425262728293031323334353637383940414243444546474849505152535455565758596061626364656667686970717273747576777879808182838485868788899091929394
1234567891011121314151617181920212223242526272829303132333435363738394041424344454647484950515253545556575859606162636465666768697071727374757677787980818283848586878889909192939495
123456789101112131415161718192021222324252627282930313233343536373839404142434445464748495051525354555657585960616263646566676869707172737475767778798081828384858687888990919293949596
12345678910111213141516171819202122232425262728293031323334353637383940414243444546474849505152535455565758596061626364656667686970717273747576777879808182838485868788899091929394959697
1234567891011121314151617181920212223242526272829303132333435363738394041424344454647484950515253545556575859606162636465666768697071727374757677787980818283848586878889909192939495969798
123456789101112131415161718192021222324252627282930313233343536373839404142434445464748495051525354555657585960616263646566676869707172737475767778798081828384858687888990919293949596979899
123456789101112131415161718192021222324252627282930313233343536373839404142434445464748495051525354555657585960616263646566676869707172737475767778798081828384858687888990919293949596979899100

]]></system-out>
  </testcase>
  <testcase name="testRightTriangleOfAnArray_ArrayWithNull" classname="AppTest$RightTriangleOfAnArrayTests" time="0.004">
    <system-out><![CDATA[Hello
Hellonull
HellonullWorld

]]></system-out>
  </testcase>
  <testcase name="testRightTriangleOfAnArray_TwoElements" classname="AppTest$RightTriangleOfAnArrayTests" time="0.003">
    <system-out><![CDATA[10
1020

]]></system-out>
  </testcase>
  <testcase name="testRightTriangleOfAnArray_EmptyArray" classname="AppTest$RightTriangleOfAnArrayTests" time="0.003">
    <system-out><![CDATA[
]]></system-out>
  </testcase>
  <testcase name="testRightTriangleOfAnArray_StringArray" classname="AppTest$RightTriangleOfAnArrayTests" time="0.002">
    <system-out><![CDATA[Hello
HelloThere
HelloThereFriend

]]></system-out>
  </testcase>
  <testcase name="testRightTriangleOfAnArray_SingleElement" classname="AppTest$RightTriangleOfAnArrayTests" time="0.003">
    <system-out><![CDATA[Hello

]]></system-out>
  </testcase>
  <testcase name="testRightTriangleOfAnArray_BooleanArray" classname="AppTest$RightTriangleOfAnArrayTests" time="0.005">
    <system-out><![CDATA[true
truefalse
truefalsetrue
truefalsetruefalse

]]></system-out>
  </testcase>
  <testcase name="testRightTriangleOfAnArray_IntegerArray" classname="AppTest$RightTriangleOfAnArrayTests" time="0.003">
    <system-out><![CDATA[1
12
123
1234

]]></system-out>
  </testcase>
  <testcase name="testRightTriangleOfAnArray_CharacterArray" classname="AppTest$RightTriangleOfAnArrayTests" time="0.004">
    <system-out><![CDATA[A
AB
ABC
ABCD
ABCDE

]]></system-out>
  </testcase>
  <testcase name="testRightTriangleOfAnArray_ArrayOfArrays" classname="AppTest$RightTriangleOfAnArrayTests" time="0.004">
    <system-out><![CDATA[[[I@78691363
[[I@78691363[[I@41d477ed

]]></system-out>
  </testcase>
  <testcase name="testRightTriangleOfAnArray_MixedObjects" classname="AppTest$RightTriangleOfAnArrayTests" time="0.003">
    <system-out><![CDATA[String
String123
String123C
String123Ctrue

]]></system-out>
  </testcase>
</testsuite>